{"/Users/stuartharrison/Documents/project_wisdom/src/App.vue": {"path":"/Users/stuartharrison/Documents/project_wisdom/src/App.vue","statementMap":{"0":{"start":{"line":8,"column":0},"end":{"line":null,"column":-1}}},"fnMap":{},"branchMap":{},"s":{"0":0},"f":{},"b":{}}
,"/Users/stuartharrison/Documents/project_wisdom/src/components/ProjectWisdom.vue": {"path":"/Users/stuartharrison/Documents/project_wisdom/src/components/ProjectWisdom.vue","statementMap":{"0":{"start":{"line":93,"column":0},"end":{"line":null,"column":-1}},"1":{"start":{"line":94,"column":0},"end":{"line":null,"column":-1}},"2":{"start":{"line":99,"column":0},"end":{"line":null,"column":-1}},"3":{"start":{"line":108,"column":0},"end":{"line":null,"column":-1}},"4":{"start":{"line":109,"column":0},"end":{"line":null,"column":-1}},"5":{"start":{"line":110,"column":0},"end":{"line":null,"column":-1}},"6":{"start":{"line":114,"column":0},"end":{"line":null,"column":-1}},"7":{"start":{"line":115,"column":0},"end":{"line":null,"column":-1}},"8":{"start":{"line":117,"column":0},"end":{"line":null,"column":-1}},"9":{"start":{"line":119,"column":0},"end":{"line":null,"column":-1}},"10":{"start":{"line":123,"column":0},"end":{"line":null,"column":-1}},"11":{"start":{"line":124,"column":0},"end":{"line":null,"column":-1}},"12":{"start":{"line":126,"column":0},"end":{"line":null,"column":-1}},"13":{"start":{"line":128,"column":0},"end":{"line":167,"column":0}},"14":{"start":{"line":129,"column":0},"end":{"line":null,"column":-1}},"15":{"start":{"line":131,"column":0},"end":{"line":null,"column":-1}},"16":{"start":{"line":133,"column":0},"end":{"line":null,"column":-1}},"17":{"start":{"line":135,"column":0},"end":{"line":null,"column":-1}},"18":{"start":{"line":136,"column":0},"end":{"line":null,"column":-1}},"19":{"start":{"line":138,"column":0},"end":{"line":140,"column":0}},"20":{"start":{"line":139,"column":0},"end":{"line":null,"column":-1}},"21":{"start":{"line":142,"column":0},"end":{"line":144,"column":0}},"22":{"start":{"line":143,"column":0},"end":{"line":null,"column":-1}},"23":{"start":{"line":146,"column":0},"end":{"line":148,"column":0}},"24":{"start":{"line":147,"column":0},"end":{"line":null,"column":-1}},"25":{"start":{"line":150,"column":0},"end":{"line":152,"column":0}},"26":{"start":{"line":151,"column":0},"end":{"line":null,"column":-1}},"27":{"start":{"line":154,"column":0},"end":{"line":156,"column":0}},"28":{"start":{"line":155,"column":0},"end":{"line":null,"column":-1}},"29":{"start":{"line":158,"column":0},"end":{"line":null,"column":-1}},"30":{"start":{"line":159,"column":0},"end":{"line":null,"column":-1}},"31":{"start":{"line":160,"column":0},"end":{"line":null,"column":-1}},"32":{"start":{"line":162,"column":0},"end":{"line":null,"column":-1}},"33":{"start":{"line":163,"column":0},"end":{"line":null,"column":-1}},"34":{"start":{"line":164,"column":0},"end":{"line":null,"column":-1}},"35":{"start":{"line":166,"column":0},"end":{"line":null,"column":-1}},"36":{"start":{"line":169,"column":0},"end":{"line":null,"column":-1}},"37":{"start":{"line":172,"column":0},"end":{"line":null,"column":-1}},"38":{"start":{"line":177,"column":0},"end":{"line":null,"column":-1}},"39":{"start":{"line":179,"column":0},"end":{"line":183,"column":0}},"40":{"start":{"line":180,"column":0},"end":{"line":182,"column":0}},"41":{"start":{"line":181,"column":0},"end":{"line":null,"column":-1}},"42":{"start":{"line":186,"column":0},"end":{"line":null,"column":-1}},"43":{"start":{"line":187,"column":0},"end":{"line":189,"column":0}},"44":{"start":{"line":188,"column":0},"end":{"line":null,"column":-1}},"45":{"start":{"line":191,"column":0},"end":{"line":null,"column":-1}},"46":{"start":{"line":194,"column":0},"end":{"line":null,"column":-1}},"47":{"start":{"line":196,"column":0},"end":{"line":198,"column":0}},"48":{"start":{"line":197,"column":0},"end":{"line":null,"column":-1}},"49":{"start":{"line":201,"column":0},"end":{"line":null,"column":-1}},"50":{"start":{"line":203,"column":0},"end":{"line":205,"column":0}},"51":{"start":{"line":204,"column":0},"end":{"line":null,"column":-1}},"52":{"start":{"line":208,"column":0},"end":{"line":null,"column":-1}},"53":{"start":{"line":210,"column":0},"end":{"line":212,"column":0}},"54":{"start":{"line":211,"column":0},"end":{"line":null,"column":-1}},"55":{"start":{"line":215,"column":0},"end":{"line":null,"column":-1}},"56":{"start":{"line":217,"column":0},"end":{"line":219,"column":0}},"57":{"start":{"line":218,"column":0},"end":{"line":null,"column":-1}},"58":{"start":{"line":222,"column":0},"end":{"line":null,"column":-1}},"59":{"start":{"line":225,"column":0},"end":{"line":null,"column":-1}},"60":{"start":{"line":228,"column":0},"end":{"line":null,"column":-1}},"61":{"start":{"line":231,"column":0},"end":{"line":null,"column":-1}},"62":{"start":{"line":234,"column":0},"end":{"line":null,"column":-1}}},"fnMap":{"0":{"name":"(anonymous_1)","decl":{"start":{"line":113,"column":0},"end":{"line":null,"column":-1}},"loc":{"start":{"line":113,"column":0},"end":{"line":170,"column":0}}},"1":{"name":"(anonymous_2)","decl":{"start":{"line":171,"column":0},"end":{"line":null,"column":-1}},"loc":{"start":{"line":171,"column":0},"end":{"line":175,"column":0}}},"2":{"name":"(anonymous_3)","decl":{"start":{"line":176,"column":0},"end":{"line":null,"column":-1}},"loc":{"start":{"line":176,"column":0},"end":{"line":184,"column":0}}},"3":{"name":"(anonymous_4)","decl":{"start":{"line":179,"column":0},"end":{"line":null,"column":-1}},"loc":{"start":{"line":179,"column":0},"end":{"line":183,"column":0}}},"4":{"name":"(anonymous_5)","decl":{"start":{"line":180,"column":0},"end":{"line":null,"column":-1}},"loc":{"start":{"line":180,"column":0},"end":{"line":182,"column":0}}},"5":{"name":"(anonymous_6)","decl":{"start":{"line":185,"column":0},"end":{"line":null,"column":-1}},"loc":{"start":{"line":185,"column":0},"end":{"line":192,"column":0}}},"6":{"name":"(anonymous_7)","decl":{"start":{"line":187,"column":0},"end":{"line":null,"column":-1}},"loc":{"start":{"line":187,"column":0},"end":{"line":189,"column":0}}},"7":{"name":"(anonymous_8)","decl":{"start":{"line":193,"column":0},"end":{"line":null,"column":-1}},"loc":{"start":{"line":193,"column":0},"end":{"line":199,"column":0}}},"8":{"name":"(anonymous_9)","decl":{"start":{"line":200,"column":0},"end":{"line":null,"column":-1}},"loc":{"start":{"line":200,"column":0},"end":{"line":206,"column":0}}},"9":{"name":"(anonymous_10)","decl":{"start":{"line":203,"column":0},"end":{"line":null,"column":-1}},"loc":{"start":{"line":203,"column":0},"end":{"line":205,"column":0}}},"10":{"name":"(anonymous_11)","decl":{"start":{"line":207,"column":0},"end":{"line":null,"column":-1}},"loc":{"start":{"line":207,"column":0},"end":{"line":213,"column":0}}},"11":{"name":"(anonymous_12)","decl":{"start":{"line":210,"column":0},"end":{"line":null,"column":-1}},"loc":{"start":{"line":210,"column":0},"end":{"line":212,"column":0}}},"12":{"name":"(anonymous_13)","decl":{"start":{"line":214,"column":0},"end":{"line":null,"column":-1}},"loc":{"start":{"line":214,"column":0},"end":{"line":220,"column":0}}},"13":{"name":"(anonymous_14)","decl":{"start":{"line":217,"column":0},"end":{"line":null,"column":-1}},"loc":{"start":{"line":217,"column":0},"end":{"line":219,"column":0}}},"14":{"name":"(anonymous_15)","decl":{"start":{"line":221,"column":0},"end":{"line":null,"column":-1}},"loc":{"start":{"line":221,"column":0},"end":{"line":223,"column":0}}},"15":{"name":"(anonymous_16)","decl":{"start":{"line":224,"column":0},"end":{"line":null,"column":-1}},"loc":{"start":{"line":224,"column":0},"end":{"line":226,"column":0}}},"16":{"name":"(anonymous_17)","decl":{"start":{"line":227,"column":0},"end":{"line":null,"column":-1}},"loc":{"start":{"line":227,"column":0},"end":{"line":229,"column":0}}},"17":{"name":"(anonymous_18)","decl":{"start":{"line":230,"column":0},"end":{"line":null,"column":-1}},"loc":{"start":{"line":230,"column":0},"end":{"line":232,"column":0}}},"18":{"name":"(anonymous_19)","decl":{"start":{"line":233,"column":0},"end":{"line":null,"column":-1}},"loc":{"start":{"line":233,"column":0},"end":{"line":235,"column":0}}}},"branchMap":{"0":{"loc":{"start":{"line":128,"column":0},"end":{"line":167,"column":0}},"type":"if","locations":[{"start":{"line":128,"column":0},"end":{"line":167,"column":0}},{"start":{"line":128,"column":0},"end":{"line":167,"column":0}}]},"1":{"loc":{"start":{"line":138,"column":0},"end":{"line":140,"column":0}},"type":"if","locations":[{"start":{"line":138,"column":0},"end":{"line":140,"column":0}},{"start":{"line":138,"column":0},"end":{"line":140,"column":0}}]},"2":{"loc":{"start":{"line":142,"column":0},"end":{"line":144,"column":0}},"type":"if","locations":[{"start":{"line":142,"column":0},"end":{"line":144,"column":0}},{"start":{"line":142,"column":0},"end":{"line":144,"column":0}}]},"3":{"loc":{"start":{"line":146,"column":0},"end":{"line":148,"column":0}},"type":"if","locations":[{"start":{"line":146,"column":0},"end":{"line":148,"column":0}},{"start":{"line":146,"column":0},"end":{"line":148,"column":0}}]},"4":{"loc":{"start":{"line":150,"column":0},"end":{"line":152,"column":0}},"type":"if","locations":[{"start":{"line":150,"column":0},"end":{"line":152,"column":0}},{"start":{"line":150,"column":0},"end":{"line":152,"column":0}}]},"5":{"loc":{"start":{"line":154,"column":0},"end":{"line":156,"column":0}},"type":"if","locations":[{"start":{"line":154,"column":0},"end":{"line":156,"column":0}},{"start":{"line":154,"column":0},"end":{"line":156,"column":0}}]},"6":{"loc":{"start":{"line":196,"column":0},"end":{"line":198,"column":0}},"type":"if","locations":[{"start":{"line":196,"column":0},"end":{"line":198,"column":0}},{"start":{"line":196,"column":0},"end":{"line":198,"column":0}}]}},"s":{"0":0,"1":0,"2":0,"3":0,"4":0,"5":0,"6":0,"7":0,"8":0,"9":0,"10":0,"11":0,"12":0,"13":0,"14":0,"15":0,"16":0,"17":0,"18":0,"19":0,"20":0,"21":0,"22":0,"23":0,"24":0,"25":0,"26":0,"27":0,"28":0,"29":0,"30":0,"31":0,"32":0,"33":0,"34":0,"35":0,"36":0,"37":0,"38":0,"39":0,"40":0,"41":0,"42":0,"43":0,"44":0,"45":0,"46":0,"47":0,"48":0,"49":0,"50":0,"51":0,"52":0,"53":0,"54":0,"55":0,"56":0,"57":0,"58":0,"59":0,"60":0,"61":0,"62":0},"f":{"0":0,"1":0,"2":0,"3":0,"4":0,"5":0,"6":0,"7":0,"8":0,"9":0,"10":0,"11":0,"12":0,"13":0,"14":0,"15":0,"16":0,"17":0,"18":0},"b":{"0":[0,0],"1":[0,0],"2":[0,0],"3":[0,0],"4":[0,0],"5":[0,0],"6":[0,0]}}
}
