TN:
SF:/Users/stuartharrison/Documents/project_wisdom/src/App.vue
FNF:0
FNH:0
DA:8,0
LF:1
LH:0
BRF:0
BRH:0
end_of_record
TN:
SF:/Users/stuartharrison/Documents/project_wisdom/src/components/ProjectWisdom.vue
FN:113,(anonymous_1)
FN:171,(anonymous_2)
FN:176,(anonymous_3)
FN:179,(anonymous_4)
FN:180,(anonymous_5)
FN:185,(anonymous_6)
FN:187,(anonymous_7)
FN:193,(anonymous_8)
FN:200,(anonymous_9)
FN:203,(anonymous_10)
FN:207,(anonymous_11)
FN:210,(anonymous_12)
FN:214,(anonymous_13)
FN:217,(anonymous_14)
FN:221,(anonymous_15)
FN:224,(anonymous_16)
FN:227,(anonymous_17)
FN:230,(anonymous_18)
FN:233,(anonymous_19)
FNF:19
FNH:0
FNDA:0,(anonymous_1)
FNDA:0,(anonymous_2)
FNDA:0,(anonymous_3)
FNDA:0,(anonymous_4)
FNDA:0,(anonymous_5)
FNDA:0,(anonymous_6)
FNDA:0,(anonymous_7)
FNDA:0,(anonymous_8)
FNDA:0,(anonymous_9)
FNDA:0,(anonymous_10)
FNDA:0,(anonymous_11)
FNDA:0,(anonymous_12)
FNDA:0,(anonymous_13)
FNDA:0,(anonymous_14)
FNDA:0,(anonymous_15)
FNDA:0,(anonymous_16)
FNDA:0,(anonymous_17)
FNDA:0,(anonymous_18)
FNDA:0,(anonymous_19)
DA:93,0
DA:94,0
DA:99,0
DA:108,0
DA:109,0
DA:110,0
DA:114,0
DA:115,0
DA:117,0
DA:119,0
DA:123,0
DA:124,0
DA:126,0
DA:128,0
DA:129,0
DA:131,0
DA:133,0
DA:135,0
DA:136,0
DA:138,0
DA:139,0
DA:142,0
DA:143,0
DA:146,0
DA:147,0
DA:150,0
DA:151,0
DA:154,0
DA:155,0
DA:158,0
DA:159,0
DA:160,0
DA:162,0
DA:163,0
DA:164,0
DA:166,0
DA:169,0
DA:172,0
DA:177,0
DA:179,0
DA:180,0
DA:181,0
DA:186,0
DA:187,0
DA:188,0
DA:191,0
DA:194,0
DA:196,0
DA:197,0
DA:201,0
DA:203,0
DA:204,0
DA:208,0
DA:210,0
DA:211,0
DA:215,0
DA:217,0
DA:218,0
DA:222,0
DA:225,0
DA:228,0
DA:231,0
DA:234,0
LF:63
LH:0
BRDA:128,0,0,0
BRDA:128,0,1,0
BRDA:138,1,0,0
BRDA:138,1,1,0
BRDA:142,2,0,0
BRDA:142,2,1,0
BRDA:146,3,0,0
BRDA:146,3,1,0
BRDA:150,4,0,0
BRDA:150,4,1,0
BRDA:154,5,0,0
BRDA:154,5,1,0
BRDA:196,6,0,0
BRDA:196,6,1,0
BRF:14
BRH:0
end_of_record
